2018-12-03 11:13:58.7498 [DEBUG] Validating model...
2018-12-03 11:13:58.7881 [DEBUG] Model updated
2018-12-03 11:13:58.7881 [DEBUG] Authenticating with server...
2018-12-03 11:13:58.8836 [DEBUG] Connected to room. (86319:SceneFusion:SceneFusion)
2018-12-03 11:13:58.9017 [INFO] Connected to server.
2018-12-03 11:13:58.9017 [DEBUG] OS : Microsoft Windows NT 10.0.17134.0
2018-12-03 11:13:58.9017 [DEBUG] Unity Version : 2018.2.16f1
2018-12-03 11:13:58.9017 [DEBUG] Pro License : False
2018-12-03 11:13:58.9017 [DEBUG] Platform : WindowsEditor
2018-12-03 11:13:58.9017 [DEBUG] Build Target : StandaloneWindows64
2018-12-03 11:13:58.9017 [DEBUG] Scene Fusion version : 1.8.1
2018-12-03 11:13:58.9017 [DEBUG] Scene Fusion client build : 4
2018-12-03 11:13:58.9017 [DEBUG] User : matthew.hollins@meritknights.com
2018-12-03 11:13:58.9017 [DEBUG] Waiting for server response
2018-12-03 11:13:59.0134 [DEBUG] Tier: Scene Fusion Free, Permissions: 00001400
2018-12-03 11:13:59.0134 [DEBUG] User Permissions: FFFFFFFF
2018-12-03 11:13:59.0897 [DEBUG] No stand-in for UnityEngine.ProceduralMaterial
2018-12-03 11:13:59.0897 [DEBUG] No stand-in for UnityEngine.ProceduralTexture
2018-12-03 11:13:59.7929 [DEBUG] Loading complete
2018-12-03 11:14:13.4297 [DEBUG] Disconnecting from room (86319:SceneFusion:SceneFusion)
2018-12-03 11:14:13.4396 [INFO] Disconnected from server.
2018-12-03 11:14:13.4396 [DEBUG] Disconnect. (Duration: 14)
