2018-12-12 12:05:08.4217 [DEBUG] Scene Fusion version 1.8.1-4
2018-12-12 12:05:12.7376 [DEBUG] Scene Fusion version 1.8.1-4
2018-12-12 12:16:20.8084 [DEBUG] Scene Fusion version 1.8.1-4
2018-12-12 12:16:40.0167 [DEBUG] Scene Fusion version 1.8.1-4
2018-12-12 12:16:40.0705 [DEBUG] Play mode: True, sync in play mode: False
2018-12-12 12:16:47.7931 [DEBUG] Play mode: False
2018-12-12 12:17:52.1509 [DEBUG] Scene Fusion version 1.8.1-4
2018-12-12 12:17:52.1978 [DEBUG] Play mode: True, sync in play mode: False
2018-12-12 12:20:35.9259 [DEBUG] Play mode: False
2018-12-12 12:26:21.3588 [DEBUG] Scene Fusion version 1.8.1-4
2018-12-12 12:26:21.4178 [DEBUG] Play mode: True, sync in play mode: False
2018-12-12 12:26:44.0306 [DEBUG] Play mode: False
2018-12-12 12:29:07.5853 [DEBUG] Scene Fusion version 1.8.1-4
2018-12-12 12:29:07.6361 [DEBUG] Play mode: True, sync in play mode: False
2018-12-12 12:29:39.5375 [DEBUG] Play mode: False
2018-12-12 12:29:42.0782 [DEBUG] Scene Fusion version 1.8.1-4
2018-12-12 12:29:42.1260 [DEBUG] Play mode: True, sync in play mode: False
2018-12-12 12:30:20.2717 [DEBUG] Play mode: False
2018-12-12 12:31:58.4879 [DEBUG] Scene Fusion version 1.8.1-4
2018-12-12 12:31:58.5667 [DEBUG] Play mode: True, sync in play mode: False
2018-12-12 12:32:12.9071 [DEBUG] Play mode: False
2018-12-12 12:32:21.2745 [DEBUG] Scene Fusion version 1.8.1-4
2018-12-12 12:32:21.3229 [DEBUG] Play mode: True, sync in play mode: False
2018-12-12 12:32:25.0273 [DEBUG] Play mode: False
2018-12-12 12:33:06.2989 [DEBUG] Scene Fusion version 1.8.1-4
2018-12-12 12:33:06.3548 [DEBUG] Play mode: True, sync in play mode: False
2018-12-12 12:33:20.3680 [DEBUG] Play mode: False
2018-12-12 12:35:34.6263 [DEBUG] Scene Fusion version 1.8.1-4
2018-12-12 12:35:34.6912 [DEBUG] Play mode: True, sync in play mode: False
2018-12-12 12:35:39.1792 [DEBUG] Play mode: False
2018-12-12 12:38:52.6494 [DEBUG] Scene Fusion version 1.8.1-4
2018-12-12 12:38:52.7092 [DEBUG] Play mode: True, sync in play mode: False
2018-12-12 12:39:20.1290 [DEBUG] Play mode: False
2018-12-12 12:39:23.1564 [DEBUG] Scene Fusion version 1.8.1-4
2018-12-12 12:39:23.2252 [DEBUG] Play mode: True, sync in play mode: False
2018-12-12 12:39:23.5488 [DEBUG] Play mode: False
2018-12-12 12:39:31.4056 [DEBUG] Scene Fusion version 1.8.1-4
2018-12-12 12:39:31.4834 [DEBUG] Play mode: True, sync in play mode: False
2018-12-12 12:39:41.8780 [DEBUG] Play mode: False
2018-12-12 12:39:48.1071 [DEBUG] Scene Fusion version 1.8.1-4
2018-12-12 12:39:48.1739 [DEBUG] Play mode: True, sync in play mode: False
2018-12-12 12:40:01.5239 [DEBUG] Play mode: False
2018-12-12 12:41:05.4552 [DEBUG] Scene Fusion version 1.8.1-4
2018-12-12 12:41:05.5081 [DEBUG] Play mode: True, sync in play mode: False
2018-12-12 12:41:23.2851 [DEBUG] Play mode: False
2018-12-12 12:41:35.4696 [DEBUG] Scene Fusion version 1.8.1-4
2018-12-12 12:41:35.5264 [DEBUG] Play mode: True, sync in play mode: False
2018-12-12 12:42:09.7461 [DEBUG] Play mode: False
2018-12-12 12:42:17.1800 [DEBUG] Scene Fusion version 1.8.1-4
2018-12-12 12:42:17.2388 [DEBUG] Play mode: True, sync in play mode: False
2018-12-12 12:42:46.8430 [DEBUG] Play mode: False
2018-12-12 12:42:57.3294 [DEBUG] Scene Fusion version 1.8.1-4
2018-12-12 12:42:57.4062 [DEBUG] Play mode: True, sync in play mode: False
2018-12-12 12:43:22.7912 [DEBUG] Play mode: False
2018-12-12 12:43:35.9650 [DEBUG] Scene Fusion version 1.8.1-4
2018-12-12 12:43:36.0373 [DEBUG] Play mode: True, sync in play mode: False
2018-12-12 12:43:48.9590 [DEBUG] Play mode: False
2018-12-12 12:44:02.3500 [DEBUG] Scene Fusion version 1.8.1-4
2018-12-12 12:44:02.4209 [DEBUG] Play mode: True, sync in play mode: False
2018-12-12 12:44:19.6522 [DEBUG] Play mode: False
2018-12-12 12:45:08.9246 [DEBUG] Scene Fusion version 1.8.1-4
2018-12-12 12:45:09.0064 [DEBUG] Play mode: True, sync in play mode: False
2018-12-12 12:45:09.5878 [DEBUG] Play mode: False
2018-12-12 12:45:12.5251 [DEBUG] Scene Fusion version 1.8.1-4
2018-12-12 12:45:12.5971 [DEBUG] Play mode: True, sync in play mode: False
2018-12-12 12:45:35.8445 [DEBUG] Play mode: False
2018-12-12 12:45:39.6364 [DEBUG] Scene Fusion version 1.8.1-4
2018-12-12 12:45:39.7132 [DEBUG] Play mode: True, sync in play mode: False
2018-12-12 12:47:45.7195 [DEBUG] Play mode: False
2018-12-12 12:47:49.1978 [DEBUG] Scene Fusion version 1.8.1-4
2018-12-12 12:47:49.2716 [DEBUG] Play mode: True, sync in play mode: False
2018-12-12 12:52:39.9138 [DEBUG] Play mode: False
2018-12-12 12:52:43.1667 [DEBUG] Scene Fusion version 1.8.1-4
2018-12-12 12:52:43.2465 [DEBUG] Play mode: True, sync in play mode: False
2018-12-12 12:53:51.5338 [DEBUG] Play mode: False
2018-12-12 12:53:54.5081 [DEBUG] Scene Fusion version 1.8.1-4
2018-12-12 12:53:54.5938 [DEBUG] Play mode: True, sync in play mode: False
2018-12-12 12:54:11.8333 [DEBUG] Play mode: False
2018-12-12 12:54:40.0875 [DEBUG] Scene Fusion version 1.8.1-4
2018-12-12 12:54:40.1473 [DEBUG] Play mode: True, sync in play mode: False
2018-12-12 12:54:49.5126 [DEBUG] Play mode: False
2018-12-12 12:56:45.7536 [DEBUG] Scene Fusion version 1.8.1-4
2018-12-12 12:56:45.8184 [DEBUG] Play mode: True, sync in play mode: False
2018-12-12 12:56:55.0509 [DEBUG] Play mode: False
2018-12-12 12:57:16.0391 [DEBUG] Scene Fusion version 1.8.1-4
2018-12-12 12:57:16.0971 [DEBUG] Play mode: True, sync in play mode: False
2018-12-12 12:58:27.3808 [DEBUG] Play mode: False
2018-12-12 12:58:30.6411 [DEBUG] Scene Fusion version 1.8.1-4
2018-12-12 12:58:30.7189 [DEBUG] Play mode: True, sync in play mode: False
2018-12-12 12:58:41.8950 [DEBUG] Play mode: False
2018-12-12 12:58:59.4391 [DEBUG] Scene Fusion version 1.8.1-4
2018-12-12 12:58:59.4930 [DEBUG] Play mode: True, sync in play mode: False
2018-12-12 12:59:16.0688 [DEBUG] Play mode: False
2018-12-12 13:00:07.8511 [DEBUG] Scene Fusion version 1.8.1-4
2018-12-12 13:00:07.9159 [DEBUG] Play mode: True, sync in play mode: False
2018-12-12 13:01:45.7731 [DEBUG] Play mode: False
2018-12-12 13:04:23.4587 [DEBUG] Scene Fusion version 1.8.1-4
2018-12-12 13:04:23.5136 [DEBUG] Play mode: True, sync in play mode: False
2018-12-12 13:04:37.4148 [DEBUG] Play mode: False
2018-12-12 13:05:38.2045 [DEBUG] Scene Fusion version 1.8.1-4
2018-12-12 13:05:38.2664 [DEBUG] Play mode: True, sync in play mode: False
2018-12-12 13:05:51.5326 [DEBUG] Play mode: False
2018-12-12 13:09:53.4768 [DEBUG] Scene Fusion version 1.8.1-4
2018-12-12 13:09:53.5287 [DEBUG] Play mode: True, sync in play mode: False
2018-12-12 13:09:55.2367 [DEBUG] Play mode: False
2018-12-12 13:13:20.8027 [DEBUG] Invalid token sent as part of a web request token. Token = 7G8lkkuQ1E0EtRUejDqCIJtNg0zMSzUFDD4RIOcUl9D9M0axLKpzMT0uL5eTMSU41278Ps27iMfB8IPkCu1UNsn4HnxL85aXLXPTcdiq2E0P5zJBtTcnF3hjUgncxqNDLggNaLMPZy9jZNw4clzptEsgS2KyO6UpBJzWb7aEs1cMN550wrd81TLSna9ZzSzrKw2k8C9dGFu7ibh0hRtxHqiLiONGyUrxkMUFkL3f8gDd9EcET7JuMwsw8Dnizpf
2018-12-12 13:13:29.4061 [INFO] Launching Session: Untitled
2018-12-12 13:13:29.9526 [DEBUG] Connecting
2018-12-12 13:13:29.9822 [DEBUG] Connecting to room (86979:SceneFusion:SceneFusion) via TCP at roommanager-ec2-34-208-239-176.kinematicsoup.com:1082
2018-12-12 13:32:06.5665 [DEBUG] Scene Fusion version 1.8.1-4
2018-12-12 13:32:06.6243 [DEBUG] Play mode: True, sync in play mode: False
2018-12-12 13:32:14.0087 [DEBUG] Play mode: False
2018-12-12 13:33:09.3250 [DEBUG] Scene Fusion version 1.8.1-4
2018-12-12 13:33:09.3898 [DEBUG] Play mode: True, sync in play mode: False
2018-12-12 13:33:26.3273 [DEBUG] Play mode: False
