2018-12-05 11:58:34.4556 [DEBUG] Scene Fusion version 1.8.1-4
2018-12-05 11:58:39.6556 [DEBUG] Scene Fusion version 1.8.1-4
2018-12-05 11:58:44.4821 [DEBUG] Scene Fusion version 1.8.1-4
2018-12-05 11:58:44.5320 [DEBUG] Play mode: True, sync in play mode: False
2018-12-05 11:58:48.6659 [DEBUG] Play mode: False
2018-12-05 12:02:30.7988 [DEBUG] Scene Fusion version 1.8.1-4
2018-12-05 12:02:30.8496 [DEBUG] Play mode: True, sync in play mode: False
2018-12-05 12:02:46.6241 [DEBUG] Play mode: False
2018-12-05 12:04:46.6993 [DEBUG] Scene Fusion version 1.8.1-4
2018-12-05 12:04:46.7602 [DEBUG] Play mode: True, sync in play mode: False
2018-12-05 12:05:50.1129 [DEBUG] Play mode: False
2018-12-05 12:05:53.2270 [DEBUG] Scene Fusion version 1.8.1-4
2018-12-05 12:05:53.2789 [DEBUG] Play mode: True, sync in play mode: False
2018-12-05 12:06:30.1808 [DEBUG] Play mode: False
2018-12-05 12:06:39.7893 [DEBUG] Scene Fusion version 1.8.1-4
2018-12-05 12:06:39.8362 [DEBUG] Play mode: True, sync in play mode: False
2018-12-05 12:06:42.2865 [DEBUG] Play mode: False
2018-12-05 12:06:57.1881 [INFO] Launching Session: Untitled
2018-12-05 12:06:57.8788 [DEBUG] Connecting
2018-12-05 12:06:57.9087 [DEBUG] Connecting to room (86472:SceneFusion:SceneFusion) via TCP at roommanager-ec2-34-208-239-176.kinematicsoup.com:1030
2018-12-05 12:16:01.4622 [DEBUG] Scene Fusion version 1.8.1-4
2018-12-05 12:16:30.2020 [DEBUG] Scene Fusion version 1.8.1-4
2018-12-05 12:18:33.5047 [DEBUG] Scene Fusion version 1.8.1-4
2018-12-05 12:36:30.0395 [DEBUG] Scene Fusion version 1.8.1-4
2018-12-05 12:36:30.0823 [DEBUG] Play mode: True, sync in play mode: False
2018-12-05 12:39:20.7009 [DEBUG] Scene Fusion version 1.8.1-4
2018-12-05 12:39:39.5930 [DEBUG] Scene Fusion version 1.8.1-4
2018-12-05 12:42:43.3989 [DEBUG] Scene Fusion version 1.8.1-4
2018-12-05 12:43:06.0970 [DEBUG] Play mode: False
2018-12-05 12:44:04.6198 [DEBUG] Scene Fusion version 1.8.1-4
2018-12-05 12:44:10.6585 [DEBUG] Scene Fusion version 1.8.1-4
2018-12-05 12:44:10.7193 [DEBUG] Play mode: True, sync in play mode: False
2018-12-05 12:44:28.0531 [DEBUG] Play mode: False
2018-12-05 12:44:58.8460 [DEBUG] Scene Fusion version 1.8.1-4
2018-12-05 12:47:31.7466 [DEBUG] Scene Fusion version 1.8.1-4
2018-12-05 12:49:27.8542 [DEBUG] Scene Fusion version 1.8.1-4
2018-12-05 12:53:11.0104 [DEBUG] Scene Fusion version 1.8.1-4
2018-12-05 12:53:11.0713 [DEBUG] Play mode: True, sync in play mode: False
2018-12-05 12:53:17.1193 [DEBUG] Play mode: False
2018-12-05 12:57:41.3368 [DEBUG] Scene Fusion version 1.8.1-4
2018-12-05 13:26:01.5377 [DEBUG] Scene Fusion version 1.8.1-4
