2018-12-03 10:47:50.9272 [DEBUG] Scene Fusion version 1.8.1-4
2018-12-03 10:47:55.7242 [DEBUG] Scene Fusion version 1.8.1-4
2018-12-03 10:51:32.5781 [DEBUG] Scene Fusion version 1.8.1-4
2018-12-03 10:51:32.6529 [DEBUG] Play mode: True, sync in play mode: False
2018-12-03 10:51:46.6354 [DEBUG] Play mode: False
2018-12-03 10:56:33.3087 [DEBUG] Scene Fusion version 1.8.1-4
2018-12-03 10:56:33.3735 [DEBUG] Play mode: True, sync in play mode: False
2018-12-03 10:56:48.4883 [DEBUG] Play mode: False
2018-12-03 10:56:51.2959 [DEBUG] Scene Fusion version 1.8.1-4
2018-12-03 10:56:51.3776 [DEBUG] Play mode: True, sync in play mode: False
2018-12-03 10:57:11.9237 [DEBUG] Play mode: False
2018-12-03 11:07:05.6655 [DEBUG] Scene Fusion version 1.8.1-4
2018-12-03 11:07:16.5836 [DEBUG] Scene Fusion version 1.8.1-4
2018-12-03 11:07:16.6584 [DEBUG] Play mode: True, sync in play mode: False
2018-12-03 11:07:37.8822 [DEBUG] Play mode: False
2018-12-03 11:10:40.8132 [DEBUG] Scene Fusion version 1.8.1-4
2018-12-03 11:10:40.8695 [DEBUG] Play mode: True, sync in play mode: False
2018-12-03 11:10:46.9469 [DEBUG] Play mode: False
2018-12-03 11:12:31.8772 [DEBUG] Scene Fusion version 1.8.1-4
2018-12-03 11:12:31.9432 [DEBUG] Play mode: True, sync in play mode: False
2018-12-03 11:12:35.4385 [DEBUG] Play mode: False
2018-12-03 11:12:57.5528 [DEBUG] Scene Fusion version 1.8.1-4
2018-12-03 11:12:57.6196 [DEBUG] Play mode: True, sync in play mode: False
2018-12-03 11:13:01.1202 [DEBUG] Play mode: False
2018-12-03 11:13:58.6401 [DEBUG] Connecting
2018-12-03 11:13:58.6699 [DEBUG] Connecting to room (86319:SceneFusion:SceneFusion) via TCP at roommanager-ec2-34-208-239-176.kinematicsoup.com:1073
2018-12-03 11:14:13.6701 [DEBUG] Sent C:/Users/student/Documents/The botanical adventures of Billiam Galaleo/KSEditorLogs/SessionLogs/session.86319-636794324386735270.log
2018-12-03 11:14:30.3334 [DEBUG] Connecting
2018-12-03 11:14:30.3400 [DEBUG] Connecting to room (86319:SceneFusion:SceneFusion) via TCP at roommanager-ec2-34-208-239-176.kinematicsoup.com:1073
2018-12-03 11:16:49.8015 [DEBUG] Sent C:/Users/student/Documents/The botanical adventures of Billiam Galaleo/KSEditorLogs/SessionLogs/session.86319-636794324703497875.log
2018-12-03 11:16:57.0933 [DEBUG] Play mode: False
2018-12-03 11:17:26.6487 [DEBUG] Connecting
2018-12-03 11:17:26.6620 [DEBUG] Connecting to room (86319:SceneFusion:SceneFusion) via TCP at roommanager-ec2-34-208-239-176.kinematicsoup.com:1073
2018-12-03 11:21:11.7200 [DEBUG] Scene Fusion version 1.8.1-4
2018-12-03 11:21:29.1912 [DEBUG] Scene Fusion version 1.8.1-4
2018-12-03 11:21:43.9274 [DEBUG] Scene Fusion version 1.8.1-4
2018-12-03 11:27:50.6847 [DEBUG] Scene Fusion version 1.8.1-4
2018-12-03 11:33:07.5535 [DEBUG] Scene Fusion version 1.8.1-4
2018-12-03 11:33:25.0984 [DEBUG] Scene Fusion version 1.8.1-4
2018-12-03 11:33:41.2966 [DEBUG] Scene Fusion version 1.8.1-4
2018-12-03 11:34:49.2768 [DEBUG] Scene Fusion version 1.8.1-4
2018-12-03 11:34:51.9411 [DEBUG] Scene Fusion version 1.8.1-4
2018-12-03 11:34:51.9879 [DEBUG] Play mode: True, sync in play mode: False
2018-12-03 11:34:57.7658 [DEBUG] Play mode: False
2018-12-03 11:35:25.1271 [DEBUG] Scene Fusion version 1.8.1-4
2018-12-03 11:35:25.1790 [DEBUG] Play mode: True, sync in play mode: False
2018-12-03 11:35:27.2338 [DEBUG] Play mode: False
2018-12-03 11:35:41.2648 [DEBUG] Scene Fusion version 1.8.1-4
2018-12-03 11:35:41.3277 [DEBUG] Play mode: True, sync in play mode: False
2018-12-03 11:35:44.0547 [DEBUG] Play mode: False
2018-12-03 11:35:59.4675 [DEBUG] Scene Fusion version 1.8.1-4
2018-12-03 11:35:59.5164 [DEBUG] Play mode: True, sync in play mode: False
2018-12-03 11:36:01.3396 [DEBUG] Play mode: False
2018-12-03 11:36:50.1066 [DEBUG] Scene Fusion version 1.8.1-4
2018-12-03 11:36:50.1744 [DEBUG] Play mode: True, sync in play mode: False
2018-12-03 11:36:51.8622 [DEBUG] Play mode: False
2018-12-03 11:37:12.8439 [DEBUG] Scene Fusion version 1.8.1-4
2018-12-03 11:37:12.9117 [DEBUG] Play mode: True, sync in play mode: False
2018-12-03 11:37:14.9179 [DEBUG] Play mode: False
2018-12-03 11:38:04.3426 [DEBUG] Scene Fusion version 1.8.1-4
2018-12-03 11:38:04.3905 [DEBUG] Play mode: True, sync in play mode: False
2018-12-03 11:38:06.7531 [DEBUG] Play mode: False
2018-12-03 11:38:13.7363 [DEBUG] Scene Fusion version 1.8.1-4
2018-12-03 11:38:13.7892 [DEBUG] Play mode: True, sync in play mode: False
2018-12-03 11:38:16.4585 [DEBUG] Play mode: False
2018-12-03 11:38:47.3817 [DEBUG] Scene Fusion version 1.8.1-4
2018-12-03 11:38:47.4505 [DEBUG] Play mode: True, sync in play mode: False
2018-12-03 11:38:50.0538 [DEBUG] Play mode: False
2018-12-03 11:39:03.2461 [DEBUG] Scene Fusion version 1.8.1-4
2018-12-03 11:39:03.2939 [DEBUG] Play mode: True, sync in play mode: False
2018-12-03 11:39:05.0227 [DEBUG] Play mode: False
2018-12-03 11:41:33.3409 [DEBUG] Scene Fusion version 1.8.1-4
2018-12-03 11:41:33.4087 [DEBUG] Play mode: True, sync in play mode: False
2018-12-03 11:41:35.2661 [DEBUG] Play mode: False
2018-12-03 11:47:46.6928 [DEBUG] Scene Fusion version 1.8.1-4
2018-12-03 11:47:46.7516 [DEBUG] Play mode: True, sync in play mode: False
2018-12-03 11:47:56.6563 [DEBUG] Play mode: False
2018-12-03 11:48:15.4736 [DEBUG] Scene Fusion version 1.8.1-4
2018-12-03 11:48:15.5394 [DEBUG] Play mode: True, sync in play mode: False
2018-12-03 11:48:17.7273 [DEBUG] Play mode: False
2018-12-03 11:51:33.3817 [DEBUG] Scene Fusion version 1.8.1-4
2018-12-03 11:51:33.4545 [DEBUG] Play mode: True, sync in play mode: False
2018-12-03 11:51:37.6009 [DEBUG] Play mode: False
2018-12-03 11:53:47.0384 [DEBUG] Scene Fusion version 1.8.1-4
2018-12-03 11:53:47.0912 [DEBUG] Play mode: True, sync in play mode: False
2018-12-03 11:53:49.1101 [DEBUG] Play mode: False
